This is pdfTeX, Version 3.14159265-2.6-1.40.20 (MiKTeX 2.9.7200 64-bit) (preloaded format=pdflatex 2019.9.30)  19 AUG 2020 09:57
entering extended mode
**./main.tex
(main.tex
LaTeX2e <2018-12-01>
("C:\Users\Tim\AppData\Local\Programs\MiKTeX 2.9\tex/latex/base\article.cls"
Document Class: article 2018/09/03 v1.4i Standard LaTeX document class
("C:\Users\Tim\AppData\Local\Programs\MiKTeX 2.9\tex/latex/base\size11.clo"
File: size11.clo 2018/09/03 v1.4i Standard LaTeX file (size option)
)
\c@part=\count80
\c@section=\count81
\c@subsection=\count82
\c@subsubsection=\count83
\c@paragraph=\count84
\c@subparagraph=\count85
\c@figure=\count86
\c@table=\count87
\abovecaptionskip=\skip41
\belowcaptionskip=\skip42
\bibindent=\dimen102
)
("C:\Users\Tim\AppData\Local\Programs\MiKTeX 2.9\tex/latex/graphics\graphicx.st
y"
Package: graphicx 2017/06/01 v1.1a Enhanced LaTeX Graphics (DPC,SPQR)

("C:\Users\Tim\AppData\Local\Programs\MiKTeX 2.9\tex/latex/graphics\keyval.sty"
Package: keyval 2014/10/28 v1.15 key=value parser (DPC)
\KV@toks@=\toks14
)
("C:\Users\Tim\AppData\Local\Programs\MiKTeX 2.9\tex/latex/graphics\graphics.st
y"
Package: graphics 2017/06/25 v1.2c Standard LaTeX Graphics (DPC,SPQR)
 ("C:\Users\Tim\AppData\Local\Programs\MiKTeX 2.9\tex/latex/graphics\trig.sty"
Package: trig 2016/01/03 v1.10 sin cos tan (DPC)
)
("C:\Users\Tim\AppData\Local\Programs\MiKTeX 2.9\tex/latex/graphics-cfg\graphic
s.cfg"
File: graphics.cfg 2016/06/04 v1.11 sample graphics configuration
)
Package graphics Info: Driver file: pdftex.def on input line 99.

("C:\Users\Tim\AppData\Local\Programs\MiKTeX 2.9\tex/latex/graphics-def\pdftex.
def"
File: pdftex.def 2018/01/08 v1.0l Graphics/color driver for pdftex
))
\Gin@req@height=\dimen103
\Gin@req@width=\dimen104
)
("C:\Users\Tim\AppData\Local\Programs\MiKTeX 2.9\tex/latex/base\inputenc.sty"
Package: inputenc 2018/08/11 v1.3c Input encoding file
\inpenc@prehook=\toks15
\inpenc@posthook=\toks16
)
("C:\Users\Tim\AppData\Local\Programs\MiKTeX 2.9\tex/latex/lm\lmodern.sty"
Package: lmodern 2009/10/30 v1.6 Latin Modern Fonts
LaTeX Font Info:    Overwriting symbol font `operators' in version `normal'
(Font)                  OT1/cmr/m/n --> OT1/lmr/m/n on input line 22.
LaTeX Font Info:    Overwriting symbol font `letters' in version `normal'
(Font)                  OML/cmm/m/it --> OML/lmm/m/it on input line 23.
LaTeX Font Info:    Overwriting symbol font `symbols' in version `normal'
(Font)                  OMS/cmsy/m/n --> OMS/lmsy/m/n on input line 24.
LaTeX Font Info:    Overwriting symbol font `largesymbols' in version `normal'
(Font)                  OMX/cmex/m/n --> OMX/lmex/m/n on input line 25.
LaTeX Font Info:    Overwriting symbol font `operators' in version `bold'
(Font)                  OT1/cmr/bx/n --> OT1/lmr/bx/n on input line 26.
LaTeX Font Info:    Overwriting symbol font `letters' in version `bold'
(Font)                  OML/cmm/b/it --> OML/lmm/b/it on input line 27.
LaTeX Font Info:    Overwriting symbol font `symbols' in version `bold'
(Font)                  OMS/cmsy/b/n --> OMS/lmsy/b/n on input line 28.
LaTeX Font Info:    Overwriting symbol font `largesymbols' in version `bold'
(Font)                  OMX/cmex/m/n --> OMX/lmex/m/n on input line 29.
LaTeX Font Info:    Overwriting math alphabet `\mathbf' in version `normal'
(Font)                  OT1/cmr/bx/n --> OT1/lmr/bx/n on input line 31.
LaTeX Font Info:    Overwriting math alphabet `\mathsf' in version `normal'
(Font)                  OT1/cmss/m/n --> OT1/lmss/m/n on input line 32.
LaTeX Font Info:    Overwriting math alphabet `\mathit' in version `normal'
(Font)                  OT1/cmr/m/it --> OT1/lmr/m/it on input line 33.
LaTeX Font Info:    Overwriting math alphabet `\mathtt' in version `normal'
(Font)                  OT1/cmtt/m/n --> OT1/lmtt/m/n on input line 34.
LaTeX Font Info:    Overwriting math alphabet `\mathbf' in version `bold'
(Font)                  OT1/cmr/bx/n --> OT1/lmr/bx/n on input line 35.
LaTeX Font Info:    Overwriting math alphabet `\mathsf' in version `bold'
(Font)                  OT1/cmss/bx/n --> OT1/lmss/bx/n on input line 36.
LaTeX Font Info:    Overwriting math alphabet `\mathit' in version `bold'
(Font)                  OT1/cmr/bx/it --> OT1/lmr/bx/it on input line 37.
LaTeX Font Info:    Overwriting math alphabet `\mathtt' in version `bold'
(Font)                  OT1/cmtt/m/n --> OT1/lmtt/m/n on input line 38.
)
("C:\Users\Tim\AppData\Local\Programs\MiKTeX 2.9\tex/latex/base\textcomp.sty"
Package: textcomp 2018/08/11 v2.0j Standard LaTeX package
Package textcomp Info: Sub-encoding information:
(textcomp)               5 = only ISO-Adobe without \textcurrency
(textcomp)               4 = 5 + \texteuro
(textcomp)               3 = 4 + \textohm
(textcomp)               2 = 3 + \textestimated + \textcurrency
(textcomp)               1 = TS1 - \textcircled - \t
(textcomp)               0 = TS1 (full)
(textcomp)             Font families with sub-encoding setting implement
(textcomp)             only a restricted character set as indicated.
(textcomp)             Family '?' is the default used for unknown fonts.
(textcomp)             See the documentation for details.
Package textcomp Info: Setting ? sub-encoding to TS1/1 on input line 79.

("C:\Users\Tim\AppData\Local\Programs\MiKTeX 2.9\tex/latex/base\ts1enc.def"
File: ts1enc.def 2001/06/05 v3.0e (jk/car/fm) Standard LaTeX file
Now handling font encoding TS1 ...
... processing UTF-8 mapping file for font encoding TS1

("C:\Users\Tim\AppData\Local\Programs\MiKTeX 2.9\tex/latex/base\ts1enc.dfu"
File: ts1enc.dfu 2018/10/05 v1.2f UTF-8 support for inputenc
   defining Unicode char U+00A2 (decimal 162)
   defining Unicode char U+00A3 (decimal 163)
   defining Unicode char U+00A4 (decimal 164)
   defining Unicode char U+00A5 (decimal 165)
   defining Unicode char U+00A6 (decimal 166)
   defining Unicode char U+00A7 (decimal 167)
   defining Unicode char U+00A8 (decimal 168)
   defining Unicode char U+00A9 (decimal 169)
   defining Unicode char U+00AA (decimal 170)
   defining Unicode char U+00AC (decimal 172)
   defining Unicode char U+00AE (decimal 174)
   defining Unicode char U+00AF (decimal 175)
   defining Unicode char U+00B0 (decimal 176)
   defining Unicode char U+00B1 (decimal 177)
   defining Unicode char U+00B2 (decimal 178)
   defining Unicode char U+00B3 (decimal 179)
   defining Unicode char U+00B4 (decimal 180)
   defining Unicode char U+00B5 (decimal 181)
   defining Unicode char U+00B6 (decimal 182)
   defining Unicode char U+00B7 (decimal 183)
   defining Unicode char U+00B9 (decimal 185)
   defining Unicode char U+00BA (decimal 186)
   defining Unicode char U+00BC (decimal 188)
   defining Unicode char U+00BD (decimal 189)
   defining Unicode char U+00BE (decimal 190)
   defining Unicode char U+00D7 (decimal 215)
   defining Unicode char U+00F7 (decimal 247)
   defining Unicode char U+0192 (decimal 402)
   defining Unicode char U+02C7 (decimal 711)
   defining Unicode char U+02D8 (decimal 728)
   defining Unicode char U+02DD (decimal 733)
   defining Unicode char U+0E3F (decimal 3647)
   defining Unicode char U+2016 (decimal 8214)
   defining Unicode char U+2020 (decimal 8224)
   defining Unicode char U+2021 (decimal 8225)
   defining Unicode char U+2022 (decimal 8226)
   defining Unicode char U+2030 (decimal 8240)
   defining Unicode char U+2031 (decimal 8241)
   defining Unicode char U+203B (decimal 8251)
   defining Unicode char U+203D (decimal 8253)
   defining Unicode char U+2044 (decimal 8260)
   defining Unicode char U+204E (decimal 8270)
   defining Unicode char U+2052 (decimal 8274)
   defining Unicode char U+20A1 (decimal 8353)
   defining Unicode char U+20A4 (decimal 8356)
   defining Unicode char U+20A6 (decimal 8358)
   defining Unicode char U+20A9 (decimal 8361)
   defining Unicode char U+20AB (decimal 8363)
   defining Unicode char U+20AC (decimal 8364)
   defining Unicode char U+20B1 (decimal 8369)
   defining Unicode char U+2103 (decimal 8451)
   defining Unicode char U+2116 (decimal 8470)
   defining Unicode char U+2117 (decimal 8471)
   defining Unicode char U+211E (decimal 8478)
   defining Unicode char U+2120 (decimal 8480)
   defining Unicode char U+2122 (decimal 8482)
   defining Unicode char U+2126 (decimal 8486)
   defining Unicode char U+2127 (decimal 8487)
   defining Unicode char U+212E (decimal 8494)
   defining Unicode char U+2190 (decimal 8592)
   defining Unicode char U+2191 (decimal 8593)
   defining Unicode char U+2192 (decimal 8594)
   defining Unicode char U+2193 (decimal 8595)
   defining Unicode char U+2329 (decimal 9001)
   defining Unicode char U+232A (decimal 9002)
   defining Unicode char U+2422 (decimal 9250)
   defining Unicode char U+25E6 (decimal 9702)
   defining Unicode char U+25EF (decimal 9711)
   defining Unicode char U+266A (decimal 9834)
   defining Unicode char U+FEFF (decimal 65279)
))
LaTeX Info: Redefining \oldstylenums on input line 334.
Package textcomp Info: Setting cmr sub-encoding to TS1/0 on input line 349.
Package textcomp Info: Setting cmss sub-encoding to TS1/0 on input line 350.
Package textcomp Info: Setting cmtt sub-encoding to TS1/0 on input line 351.
Package textcomp Info: Setting cmvtt sub-encoding to TS1/0 on input line 352.
Package textcomp Info: Setting cmbr sub-encoding to TS1/0 on input line 353.
Package textcomp Info: Setting cmtl sub-encoding to TS1/0 on input line 354.
Package textcomp Info: Setting ccr sub-encoding to TS1/0 on input line 355.
Package textcomp Info: Setting ptm sub-encoding to TS1/4 on input line 356.
Package textcomp Info: Setting pcr sub-encoding to TS1/4 on input line 357.
Package textcomp Info: Setting phv sub-encoding to TS1/4 on input line 358.
Package textcomp Info: Setting ppl sub-encoding to TS1/3 on input line 359.
Package textcomp Info: Setting pag sub-encoding to TS1/4 on input line 360.
Package textcomp Info: Setting pbk sub-encoding to TS1/4 on input line 361.
Package textcomp Info: Setting pnc sub-encoding to TS1/4 on input line 362.
Package textcomp Info: Setting pzc sub-encoding to TS1/4 on input line 363.
Package textcomp Info: Setting bch sub-encoding to TS1/4 on input line 364.
Package textcomp Info: Setting put sub-encoding to TS1/5 on input line 365.
Package textcomp Info: Setting uag sub-encoding to TS1/5 on input line 366.
Package textcomp Info: Setting ugq sub-encoding to TS1/5 on input line 367.
Package textcomp Info: Setting ul8 sub-encoding to TS1/4 on input line 368.
Package textcomp Info: Setting ul9 sub-encoding to TS1/4 on input line 369.
Package textcomp Info: Setting augie sub-encoding to TS1/5 on input line 370.
Package textcomp Info: Setting dayrom sub-encoding to TS1/3 on input line 371.
Package textcomp Info: Setting dayroms sub-encoding to TS1/3 on input line 372.

Package textcomp Info: Setting pxr sub-encoding to TS1/0 on input line 373.
Package textcomp Info: Setting pxss sub-encoding to TS1/0 on input line 374.
Package textcomp Info: Setting pxtt sub-encoding to TS1/0 on input line 375.
Package textcomp Info: Setting txr sub-encoding to TS1/0 on input line 376.
Package textcomp Info: Setting txss sub-encoding to TS1/0 on input line 377.
Package textcomp Info: Setting txtt sub-encoding to TS1/0 on input line 378.
Package textcomp Info: Setting lmr sub-encoding to TS1/0 on input line 379.
Package textcomp Info: Setting lmdh sub-encoding to TS1/0 on input line 380.
Package textcomp Info: Setting lmss sub-encoding to TS1/0 on input line 381.
Package textcomp Info: Setting lmssq sub-encoding to TS1/0 on input line 382.
Package textcomp Info: Setting lmvtt sub-encoding to TS1/0 on input line 383.
Package textcomp Info: Setting lmtt sub-encoding to TS1/0 on input line 384.
Package textcomp Info: Setting qhv sub-encoding to TS1/0 on input line 385.
Package textcomp Info: Setting qag sub-encoding to TS1/0 on input line 386.
Package textcomp Info: Setting qbk sub-encoding to TS1/0 on input line 387.
Package textcomp Info: Setting qcr sub-encoding to TS1/0 on input line 388.
Package textcomp Info: Setting qcs sub-encoding to TS1/0 on input line 389.
Package textcomp Info: Setting qpl sub-encoding to TS1/0 on input line 390.
Package textcomp Info: Setting qtm sub-encoding to TS1/0 on input line 391.
Package textcomp Info: Setting qzc sub-encoding to TS1/0 on input line 392.
Package textcomp Info: Setting qhvc sub-encoding to TS1/0 on input line 393.
Package textcomp Info: Setting futs sub-encoding to TS1/4 on input line 394.
Package textcomp Info: Setting futx sub-encoding to TS1/4 on input line 395.
Package textcomp Info: Setting futj sub-encoding to TS1/4 on input line 396.
Package textcomp Info: Setting hlh sub-encoding to TS1/3 on input line 397.
Package textcomp Info: Setting hls sub-encoding to TS1/3 on input line 398.
Package textcomp Info: Setting hlst sub-encoding to TS1/3 on input line 399.
Package textcomp Info: Setting hlct sub-encoding to TS1/5 on input line 400.
Package textcomp Info: Setting hlx sub-encoding to TS1/5 on input line 401.
Package textcomp Info: Setting hlce sub-encoding to TS1/5 on input line 402.
Package textcomp Info: Setting hlcn sub-encoding to TS1/5 on input line 403.
Package textcomp Info: Setting hlcw sub-encoding to TS1/5 on input line 404.
Package textcomp Info: Setting hlcf sub-encoding to TS1/5 on input line 405.
Package textcomp Info: Setting pplx sub-encoding to TS1/3 on input line 406.
Package textcomp Info: Setting pplj sub-encoding to TS1/3 on input line 407.
Package textcomp Info: Setting ptmx sub-encoding to TS1/4 on input line 408.
Package textcomp Info: Setting ptmj sub-encoding to TS1/4 on input line 409.
)
("C:\Users\Tim\AppData\Local\Programs\MiKTeX 2.9\tex/latex/mathtools\mathtools.
sty"
Package: mathtools 2019/07/31 v1.22 mathematical typesetting tools
 ("C:\Users\Tim\AppData\Local\Programs\MiKTeX 2.9\tex/latex/tools\calc.sty"
Package: calc 2017/05/25 v4.3 Infix arithmetic (KKT,FJ)
\calc@Acount=\count88
\calc@Bcount=\count89
\calc@Adimen=\dimen105
\calc@Bdimen=\dimen106
\calc@Askip=\skip43
\calc@Bskip=\skip44
LaTeX Info: Redefining \setlength on input line 80.
LaTeX Info: Redefining \addtolength on input line 81.
\calc@Ccount=\count90
\calc@Cskip=\skip45
)
("C:\Users\Tim\AppData\Local\Programs\MiKTeX 2.9\tex/latex/mathtools\mhsetup.st
y"
Package: mhsetup 2017/03/31 v1.3 programming setup (MH)
)
("C:\Users\Tim\AppData\Local\Programs\MiKTeX 2.9\tex/latex/amsmath\amsmath.sty"
Package: amsmath 2018/12/01 v2.17b AMS math features
\@mathmargin=\skip46
For additional information on amsmath, use the `?' option.
("C:\Users\Tim\AppData\Local\Programs\MiKTeX 2.9\tex/latex/amsmath\amstext.sty"
Package: amstext 2000/06/29 v2.01 AMS text
("C:\Users\Tim\AppData\Local\Programs\MiKTeX 2.9\tex/latex/amsmath\amsgen.sty"
File: amsgen.sty 1999/11/30 v2.0 generic functions
\@emptytoks=\toks17
\ex@=\dimen107
)) ("C:\Users\Tim\AppData\Local\Programs\MiKTeX 2.9\tex/latex/amsmath\amsbsy.st
y"
Package: amsbsy 1999/11/29 v1.2d Bold Symbols
\pmbraise@=\dimen108
) ("C:\Users\Tim\AppData\Local\Programs\MiKTeX 2.9\tex/latex/amsmath\amsopn.sty
"
Package: amsopn 2016/03/08 v2.02 operator names
)
\inf@bad=\count91
LaTeX Info: Redefining \frac on input line 223.
\uproot@=\count92
\leftroot@=\count93
LaTeX Info: Redefining \overline on input line 385.
\classnum@=\count94
\DOTSCASE@=\count95
LaTeX Info: Redefining \ldots on input line 482.
LaTeX Info: Redefining \dots on input line 485.
LaTeX Info: Redefining \cdots on input line 606.
\Mathstrutbox@=\box27
\strutbox@=\box28
\big@size=\dimen109
LaTeX Font Info:    Redeclaring font encoding OML on input line 729.
LaTeX Font Info:    Redeclaring font encoding OMS on input line 730.
\macc@depth=\count96
\c@MaxMatrixCols=\count97
\dotsspace@=\muskip10
\c@parentequation=\count98
\dspbrk@lvl=\count99
\tag@help=\toks18
\row@=\count100
\column@=\count101
\maxfields@=\count102
\andhelp@=\toks19
\eqnshift@=\dimen110
\alignsep@=\dimen111
\tagshift@=\dimen112
\tagwidth@=\dimen113
\totwidth@=\dimen114
\lineht@=\dimen115
\@envbody=\toks20
\multlinegap=\skip47
\multlinetaggap=\skip48
\mathdisplay@stack=\toks21
LaTeX Info: Redefining \[ on input line 2844.
LaTeX Info: Redefining \] on input line 2845.
)
LaTeX Info: Thecontrolsequence`\('isalreadyrobust on input line 129.
LaTeX Info: Thecontrolsequence`\)'isalreadyrobust on input line 129.
LaTeX Info: Thecontrolsequence`\['isalreadyrobust on input line 129.
LaTeX Info: Thecontrolsequence`\]'isalreadyrobust on input line 129.
\g_MT_multlinerow_int=\count103
\l_MT_multwidth_dim=\dimen116
\origjot=\skip49
\l_MT_shortvdotswithinadjustabove_dim=\dimen117
\l_MT_shortvdotswithinadjustbelow_dim=\dimen118
\l_MT_above_intertext_sep=\dimen119
\l_MT_below_intertext_sep=\dimen120
\l_MT_above_shortintertext_sep=\dimen121
\l_MT_below_shortintertext_sep=\dimen122
)
("C:\Users\Tim\AppData\Local\Programs\MiKTeX 2.9\tex/latex/biblatex\biblatex.st
y"
Package: biblatex 2019/08/31 v3.13a programmable bibliographies (PK/MW)

("C:\Users\Tim\AppData\Local\Programs\MiKTeX 2.9\tex/generic/oberdiek\pdftexcmd
s.sty"
Package: pdftexcmds 2019/07/25 v0.30 Utility functions of pdfTeX for LuaTeX (HO
)

("C:\Users\Tim\AppData\Local\Programs\MiKTeX 2.9\tex/generic/oberdiek\infwarerr
.sty"
Package: infwarerr 2016/05/16 v1.4 Providing info/warning/error messages (HO)
)
("C:\Users\Tim\AppData\Local\Programs\MiKTeX 2.9\tex/generic/oberdiek\ifluatex.
sty"
Package: ifluatex 2016/05/16 v1.4 Provides the ifluatex switch (HO)
Package ifluatex Info: LuaTeX not detected.
)
("C:\Users\Tim\AppData\Local\Programs\MiKTeX 2.9\tex/generic/oberdiek\ltxcmds.s
ty"
Package: ltxcmds 2016/05/16 v1.23 LaTeX kernel commands for general use (HO)
)
("C:\Users\Tim\AppData\Local\Programs\MiKTeX 2.9\tex/generic/oberdiek\ifpdf.sty
"
Package: ifpdf 2018/09/07 v3.3 Provides the ifpdf switch
)
Package pdftexcmds Info: LuaTeX not detected.
Package pdftexcmds Info: \pdf@primitive is available.
Package pdftexcmds Info: \pdf@ifprimitive is available.
Package pdftexcmds Info: \pdfdraftmode found.
)
("C:\Users\Tim\AppData\Local\Programs\MiKTeX 2.9\tex/latex/etoolbox\etoolbox.st
y"
Package: etoolbox 2019/09/21 v2.5h e-TeX tools for LaTeX (JAW)
\etb@tempcnta=\count104
)
("C:\Users\Tim\AppData\Local\Programs\MiKTeX 2.9\tex/latex/oberdiek\kvoptions.s
ty"
Package: kvoptions 2016/05/16 v3.12 Key value format for package options (HO)

("C:\Users\Tim\AppData\Local\Programs\MiKTeX 2.9\tex/generic/oberdiek\kvsetkeys
.sty"
Package: kvsetkeys 2016/05/16 v1.17 Key value parser (HO)

("C:\Users\Tim\AppData\Local\Programs\MiKTeX 2.9\tex/generic/oberdiek\etexcmds.
sty"
Package: etexcmds 2016/05/16 v1.6 Avoid name clashes with e-TeX commands (HO)
)))
("C:\Users\Tim\AppData\Local\Programs\MiKTeX 2.9\tex/latex/logreq\logreq.sty"
Package: logreq 2010/08/04 v1.0 xml request logger
\lrq@indent=\count105

("C:\Users\Tim\AppData\Local\Programs\MiKTeX 2.9\tex/latex/logreq\logreq.def"
File: logreq.def 2010/08/04 v1.0 logreq spec v1.0
)) ("C:\Users\Tim\AppData\Local\Programs\MiKTeX 2.9\tex/latex/base\ifthen.sty"
Package: ifthen 2014/09/29 v1.1c Standard LaTeX ifthen package (DPC)
)
("C:\Users\Tim\AppData\Local\Programs\MiKTeX 2.9\tex/latex/url\url.sty"
\Urlmuskip=\muskip11
Package: url 2013/09/16  ver 3.4  Verb mode for urls, etc.
)
\c@tabx@nest=\count106
\c@listtotal=\count107
\c@listcount=\count108
\c@liststart=\count109
\c@liststop=\count110
\c@citecount=\count111
\c@citetotal=\count112
\c@multicitecount=\count113
\c@multicitetotal=\count114
\c@instcount=\count115
\c@maxnames=\count116
\c@minnames=\count117
\c@maxitems=\count118
\c@minitems=\count119
\c@citecounter=\count120
\c@maxcitecounter=\count121
\c@savedcitecounter=\count122
\c@uniquelist=\count123
\c@uniquename=\count124
\c@refsection=\count125
\c@refsegment=\count126
\c@maxextratitle=\count127
\c@maxextratitleyear=\count128
\c@maxextraname=\count129
\c@maxextradate=\count130
\c@maxextraalpha=\count131
\c@abbrvpenalty=\count132
\c@highnamepenalty=\count133
\c@lownamepenalty=\count134
\c@maxparens=\count135
\c@parenlevel=\count136
\blx@tempcnta=\count137
\blx@tempcntb=\count138
\blx@tempcntc=\count139
\blx@maxsection=\count140
\blx@maxsegment@0=\count141
\blx@notetype=\count142
\blx@parenlevel@text=\count143
\blx@parenlevel@foot=\count144
\blx@sectionciteorder@0=\count145
\blx@entrysetcounter=\count146
\labelnumberwidth=\skip50
\labelalphawidth=\skip51
\biblabelsep=\skip52
\bibitemsep=\skip53
\bibnamesep=\skip54
\bibinitsep=\skip55
\bibparsep=\skip56
\bibhang=\skip57
\blx@bcfin=\read1
\blx@bcfout=\write3
\blx@langwohyphens=\language82
\c@mincomprange=\count147
\c@maxcomprange=\count148
\c@mincompwidth=\count149
Package biblatex Info: Trying to load biblatex default data model...
Package biblatex Info: ... file 'blx-dm.def' found.

("C:\Users\Tim\AppData\Local\Programs\MiKTeX 2.9\tex/latex/biblatex\blx-dm.def"
File: blx-dm.def 2019/08/31 v3.13a biblatex localization (PK/MW)
)
Package biblatex Info: Trying to load biblatex style data model...
Package biblatex Info: ... file 'numeric.dbx' not found.
Package biblatex Info: Trying to load biblatex custom data model...
Package biblatex Info: ... file 'biblatex-dm.cfg' not found.
\c@afterword=\count150
\c@savedafterword=\count151
\c@annotator=\count152
\c@savedannotator=\count153
\c@author=\count154
\c@savedauthor=\count155
\c@bookauthor=\count156
\c@savedbookauthor=\count157
\c@commentator=\count158
\c@savedcommentator=\count159
\c@editor=\count160
\c@savededitor=\count161
\c@editora=\count162
\c@savededitora=\count163
\c@editorb=\count164
\c@savededitorb=\count165
\c@editorc=\count166
\c@savededitorc=\count167
\c@foreword=\count168
\c@savedforeword=\count169
\c@holder=\count170
\c@savedholder=\count171
\c@introduction=\count172
\c@savedintroduction=\count173
\c@namea=\count174
\c@savednamea=\count175
\c@nameb=\count176
\c@savednameb=\count177
\c@namec=\count178
\c@savednamec=\count179
\c@translator=\count180
\c@savedtranslator=\count181
\c@shortauthor=\count182
\c@savedshortauthor=\count183
\c@shorteditor=\count184
\c@savedshorteditor=\count185
\c@labelname=\count186
\c@savedlabelname=\count187
\c@institution=\count188
\c@savedinstitution=\count189
\c@lista=\count190
\c@savedlista=\count191
\c@listb=\count192
\c@savedlistb=\count193
\c@listc=\count194
\c@savedlistc=\count195
\c@listd=\count196
\c@savedlistd=\count197
\c@liste=\count198
\c@savedliste=\count199
\c@listf=\count266
\c@savedlistf=\count267
\c@location=\count268
\c@savedlocation=\count269
\c@organization=\count270
\c@savedorganization=\count271
\c@origlocation=\count272
\c@savedoriglocation=\count273
\c@origpublisher=\count274
\c@savedorigpublisher=\count275
\c@publisher=\count276
\c@savedpublisher=\count277
\c@language=\count278
\c@savedlanguage=\count279
\c@origlanguage=\count280
\c@savedoriglanguage=\count281
\c@pageref=\count282
\c@savedpageref=\count283
\shorthandwidth=\skip58
\shortjournalwidth=\skip59
\shortserieswidth=\skip60
\shorttitlewidth=\skip61
\shortauthorwidth=\skip62
\shorteditorwidth=\skip63
\locallabelnumberwidth=\skip64
\locallabelalphawidth=\skip65
\localshorthandwidth=\skip66
\localshortjournalwidth=\skip67
\localshortserieswidth=\skip68
\localshorttitlewidth=\skip69
\localshortauthorwidth=\skip70
\localshorteditorwidth=\skip71
Package biblatex Info: Trying to load compatibility code...
Package biblatex Info: ... file 'blx-compat.def' found.

("C:\Users\Tim\AppData\Local\Programs\MiKTeX 2.9\tex/latex/biblatex\blx-compat.
def"
File: blx-compat.def 2019/08/31 v3.13a biblatex compatibility (PK/MW)
)
Package biblatex Info: Trying to load BibTeX backend compatibility...
Package biblatex Info: ... file 'blx-bibtex.def' found.

("C:\Users\Tim\AppData\Local\Programs\MiKTeX 2.9\tex/latex/biblatex\blx-bibtex.
def"
File: blx-bibtex.def 2019/08/31 v3.13a biblatex compatibility (PK/MW)


Package biblatex Warning: Using fall-back BibTeX(8) backend:
(biblatex)                functionality may be reduced/unavailable.

)
Package biblatex Info: Trying to load generic definitions...
Package biblatex Info: ... file 'biblatex.def' found.

("C:\Users\Tim\AppData\Local\Programs\MiKTeX 2.9\tex/latex/biblatex\biblatex.de
f"
File: biblatex.def 2019/08/31 v3.13a biblatex compatibility (PK/MW)
\c@textcitecount=\count284
\c@textcitetotal=\count285
\c@textcitemaxnames=\count286
\c@biburlbigbreakpenalty=\count287
\c@biburlbreakpenalty=\count288
\c@biburlnumpenalty=\count289
\c@biburlucpenalty=\count290
\c@biburllcpenalty=\count291
\biburlbigskip=\muskip12
\biburlnumskip=\muskip13
\biburlucskip=\muskip14
\biburllcskip=\muskip15
\c@smartand=\count292
)
Package biblatex Info: Trying to load bibliography style 'numeric'...
Package biblatex Info: ... file 'numeric.bbx' found.

("C:\Users\Tim\AppData\Local\Programs\MiKTeX 2.9\tex/latex/biblatex/bbx\numeric
.bbx"
File: numeric.bbx 2019/08/31 v3.13a biblatex bibliography style (PK/MW)
Package biblatex Info: Trying to load bibliography style 'standard'...
Package biblatex Info: ... file 'standard.bbx' found.

("C:\Users\Tim\AppData\Local\Programs\MiKTeX 2.9\tex/latex/biblatex/bbx\standar
d.bbx"
File: standard.bbx 2019/08/31 v3.13a biblatex bibliography style (PK/MW)
\c@bbx:relatedcount=\count293
\c@bbx:relatedtotal=\count294
))
Package biblatex Info: Trying to load citation style 'numeric'...
Package biblatex Info: ... file 'numeric.cbx' found.

("C:\Users\Tim\AppData\Local\Programs\MiKTeX 2.9\tex/latex/biblatex/cbx\numeric
.cbx"
File: numeric.cbx 2019/08/31 v3.13a biblatex citation style (PK/MW)
Package biblatex Info: Redefining '\cite'.
Package biblatex Info: Redefining '\parencite'.
Package biblatex Info: Redefining '\footcite'.
Package biblatex Info: Redefining '\footcitetext'.
Package biblatex Info: Redefining '\smartcite'.
Package biblatex Info: Redefining '\supercite'.
Package biblatex Info: Redefining '\textcite'.
Package biblatex Info: Redefining '\textcites'.
Package biblatex Info: Redefining '\cites'.
Package biblatex Info: Redefining '\parencites'.
Package biblatex Info: Redefining '\smartcites'.
)
Package biblatex Info: Trying to load configuration file...
Package biblatex Info: ... file 'biblatex.cfg' found.

("C:\Users\Tim\AppData\Local\Programs\MiKTeX 2.9\tex/latex/biblatex\biblatex.cf
g"
File: biblatex.cfg 
))
Package biblatex Info: Trying to load language 'english'...
Package biblatex Info: ... file 'english.lbx' found.

("C:\Users\Tim\AppData\Local\Programs\MiKTeX 2.9\tex/latex/biblatex/lbx\english
.lbx"
File: english.lbx 2019/08/31 v3.13a biblatex localization (PK/MW)
)
\@quotelevel=\count295
\@quotereset=\count296


LaTeX Warning: Unused global option(s):
    [english].

(main.aux)
\openout1 = `main.aux'.

LaTeX Font Info:    Checking defaults for OML/cmm/m/it on input line 20.
LaTeX Font Info:    ... okay on input line 20.
LaTeX Font Info:    Checking defaults for T1/cmr/m/n on input line 20.
LaTeX Font Info:    ... okay on input line 20.
LaTeX Font Info:    Checking defaults for OT1/cmr/m/n on input line 20.
LaTeX Font Info:    ... okay on input line 20.
LaTeX Font Info:    Checking defaults for OMS/cmsy/m/n on input line 20.
LaTeX Font Info:    ... okay on input line 20.
LaTeX Font Info:    Checking defaults for OMX/cmex/m/n on input line 20.
LaTeX Font Info:    ... okay on input line 20.
LaTeX Font Info:    Checking defaults for U/cmr/m/n on input line 20.
LaTeX Font Info:    ... okay on input line 20.
LaTeX Font Info:    Checking defaults for TS1/cmr/m/n on input line 20.
LaTeX Font Info:    Try loading font information for TS1+cmr on input line 20.

("C:\Users\Tim\AppData\Local\Programs\MiKTeX 2.9\tex/latex/base\ts1cmr.fd"
File: ts1cmr.fd 2014/09/29 v2.5h Standard LaTeX font definitions
)
LaTeX Font Info:    ... okay on input line 20.
LaTeX Font Info:    Try loading font information for OT1+lmr on input line 20.

("C:\Users\Tim\AppData\Local\Programs\MiKTeX 2.9\tex/latex/lm\ot1lmr.fd"
File: ot1lmr.fd 2009/10/30 v1.6 Font defs for Latin Modern
)
("C:\Users\Tim\AppData\Local\Programs\MiKTeX 2.9\tex/context/base/mkii\supp-pdf
.mkii"
[Loading MPS to PDF converter (version 2006.09.02).]
\scratchcounter=\count297
\scratchdimen=\dimen123
\scratchbox=\box29
\nofMPsegments=\count298
\nofMParguments=\count299
\everyMPshowfont=\toks22
\MPscratchCnt=\count300
\MPscratchDim=\dimen124
\MPnumerator=\count301
\makeMPintoPDFobject=\count302
\everyMPtoPDFconversion=\toks23
)
("C:\Users\Tim\AppData\Local\Programs\MiKTeX 2.9\tex/latex/oberdiek\epstopdf-ba
se.sty"
Package: epstopdf-base 2016/05/15 v2.6 Base part for package epstopdf

("C:\Users\Tim\AppData\Local\Programs\MiKTeX 2.9\tex/latex/oberdiek\grfext.sty"
Package: grfext 2016/05/16 v1.2 Manage graphics extensions (HO)

("C:\Users\Tim\AppData\Local\Programs\MiKTeX 2.9\tex/generic/oberdiek\kvdefinek
eys.sty"
Package: kvdefinekeys 2016/05/16 v1.4 Define keys (HO)
))
Package epstopdf-base Info: Redefining graphics rule for `.eps' on input line 4
38.
Package grfext Info: Graphics extension search list:
(grfext)             [.pdf,.png,.jpg,.mps,.jpeg,.jbig2,.jb2,.PDF,.PNG,.JPG,.JPE
G,.JBIG2,.JB2,.eps]
(grfext)             \AppendGraphicsExtensions on input line 456.
)
Package biblatex Info: Input encoding 'utf8' detected.
Package biblatex Info: Automatic encoding selection.
(biblatex)             Assuming data encoding 'utf8'.
Package biblatex Info: Input encoding 'utf8' specified.
Package biblatex Info: Data encoding 'utf8' specified.
(biblatex)             No need to reencode data.
\openout3 = `main-blx.bib'.

Package biblatex Info: Trying to load bibliographic data...
Package biblatex Info: ... file 'main.bbl' found.
 (main.bbl)
Package biblatex Info: Reference section=0 on input line 20.
Package biblatex Info: Reference segment=0 on input line 20.
LaTeX Font Info:    Try loading font information for OML+lmm on input line 28.

("C:\Users\Tim\AppData\Local\Programs\MiKTeX 2.9\tex/latex/lm\omllmm.fd"
File: omllmm.fd 2009/10/30 v1.6 Font defs for Latin Modern
)
LaTeX Font Info:    Try loading font information for OMS+lmsy on input line 28.


("C:\Users\Tim\AppData\Local\Programs\MiKTeX 2.9\tex/latex/lm\omslmsy.fd"
File: omslmsy.fd 2009/10/30 v1.6 Font defs for Latin Modern
)
LaTeX Font Info:    Try loading font information for OMX+lmex on input line 28.


("C:\Users\Tim\AppData\Local\Programs\MiKTeX 2.9\tex/latex/lm\omxlmex.fd"
File: omxlmex.fd 2009/10/30 v1.6 Font defs for Latin Modern
)
LaTeX Font Info:    External font `lmex10' loaded for size
(Font)              <10.95> on input line 28.
LaTeX Font Info:    External font `lmex10' loaded for size
(Font)              <8> on input line 28.
LaTeX Font Info:    External font `lmex10' loaded for size
(Font)              <6> on input line 28.

[1

{C:/Users/Tim/AppData/Local/MiKTeX/2.9/pdftex/config/pdftex.map}] [2]
[3] [4

] (main.aux)
Package logreq Info: Writing requests to 'main.run.xml'.
\openout1 = `main.run.xml'.

 ) 
Here is how much of TeX's memory you used:
 10201 strings out of 492895
 183617 string characters out of 3124669
 446912 words of memory out of 3000000
 14007 multiletter control sequences out of 15000+200000
 33901 words of font info for 31 fonts, out of 3000000 for 9000
 1141 hyphenation exceptions out of 8191
 36i,10n,45p,826b,1124s stack positions out of 5000i,500n,10000p,200000b,50000s
{C:/Users/Tim/AppData/Local/Programs/MiKTeX 2.9/fonts/enc/dvips/lm/lm-rm.enc}
{C:/Users/Tim/AppData/Local/Programs/MiKTeX 2.9/fonts/enc/dvips/lm/lm-mathsy.en
c}{C:/Users/Tim/AppData/Local/Programs/MiKTeX 2.9/fonts/enc/dvips/lm/lm-mathit.
enc}<C:/Users/Tim/AppData/Local/Programs/MiKTeX 2.9/fonts/type1/public/lm/lmbx1
0.pfb><C:/Users/Tim/AppData/Local/Programs/MiKTeX 2.9/fonts/type1/public/lm/lmb
x12.pfb><C:/Users/Tim/AppData/Local/Programs/MiKTeX 2.9/fonts/type1/public/lm/l
mmi10.pfb><C:/Users/Tim/AppData/Local/Programs/MiKTeX 2.9/fonts/type1/public/lm
/lmmi8.pfb><C:/Users/Tim/AppData/Local/Programs/MiKTeX 2.9/fonts/type1/public/l
m/lmr10.pfb><C:/Users/Tim/AppData/Local/Programs/MiKTeX 2.9/fonts/type1/public/
lm/lmr8.pfb><C:/Users/Tim/AppData/Local/Programs/MiKTeX 2.9/fonts/type1/public/
lm/lmri10.pfb><C:/Users/Tim/AppData/Local/Programs/MiKTeX 2.9/fonts/type1/publi
c/lm/lmsy10.pfb><C:/Users/Tim/AppData/Local/Programs/MiKTeX 2.9/fonts/type1/pub
lic/lm/lmsy8.pfb>
Output written on main.pdf (4 pages, 142134 bytes).
PDF statistics:
 54 PDF objects out of 1000 (max. 8388607)
 0 named destinations out of 1000 (max. 500000)
 1 words of extra memory for PDF output out of 10000 (max. 10000000)

